Removed Pin From Net: NetName=GND Pin=C16-2
Removed Pin From Net: NetName=GND Pin=C20-1
Removed Pin From Net: NetName=GND Pin=C22-2
Removed Pin From Net: NetName=+12V Pin=C23-1
Removed Pin From Net: NetName=GND Pin=C24-1
Removed Pin From Net: NetName=GND Pin=C25-1
Removed Pin From Net: NetName=+12V Pin=C25-2
Removed Pin From Net: NetName=+12V Pin=C29-1
Removed Pin From Net: NetName=+12V Pin=C31-1
Removed Pin From Net: NetName=GND Pin=C32-1
Removed Pin From Net: NetName=+12V Pin=L1-2
Removed Pin From Net: NetName=GND Pin=P0-1
Removed Pin From Net: NetName=-8V Pin=P0-2
Removed Pin From Net: NetName=GND Pin=P1-1
Removed Pin From Net: NetName=GND Pin=R20-1
Removed Pin From Net: NetName=+12V Pin=R21-1
Removed Pin From Net: NetName=GND Pin=R23-1
Removed Pin From Net: NetName=+12V Pin=R24-1
Removed Pin From Net: NetName=+12V Pin=R25-2
Removed Pin From Net: NetName=GND Pin=R26-1
Removed Pin From Net: NetName=GND Pin=R27-1
Removed Pin From Net: NetName=GND Pin=R29-1
Removed Pin From Net: NetName=+12V Pin=R30-1
Removed Pin From Net: NetName=GND Pin=R31-1
Removed Pin From Net: NetName=GND Pin=R33-1
Removed Pin From Net: NetName=+12V Pin=R34-1
Removed Pin From Net: NetName=GND Pin=R35-1
