Added Component: Designator=C1(2012[0805])
Added Component: Designator=C2(2012[0805])
Added Component: Designator=C3(2012[0805])
Added Component: Designator=C4(2012[0805])
Added Component: Designator=C5(2012[0805])
Added Component: Designator=C6(2012[0805])
Added Component: Designator=C7(2012[0805])
Added Component: Designator=C8(2012[0805])
Added Component: Designator=C9(2012[0805])
Added Component: Designator=C10(2012[0805])
Added Component: Designator=C11(C1206)
Added Component: Designator=C12(C1206)
Added Component: Designator=C13(2012[0805])
Added Component: Designator=C14(2012[0805])
Added Component: Designator=C15(C1206)
Added Component: Designator=C16(2012[0805])
Added Component: Designator=C17(2012[0805])
Added Component: Designator=C18(C1206)
Added Component: Designator=C19(2012[0805])
Added Component: Designator=C20(RAD-0.3)
Added Component: Designator=C21(2012[0805])
Added Component: Designator=C22(2012[0805])
Added Component: Designator=C23(2012[0805])
Added Component: Designator=C24(2012[0805])
Added Component: Designator=C25(RAD-0.3)
Added Component: Designator=C26(2012[0805])
Added Component: Designator=C27(2012[0805])
Added Component: Designator=C28(2012[0805])
Added Component: Designator=C29(2012[0805])
Added Component: Designator=C30(2012[0805])
Added Component: Designator=C31(2012[0805])
Added Component: Designator=C32(2012[0805])
Added Component: Designator=L1(0402-A)
Added Component: Designator=P0(HDR1X3)
Added Component: Designator=P1(HDR1X2)
Added Component: Designator=P2(HDR1X2)
Added Component: Designator=Q1(TO-226)
Added Component: Designator=Q2(TO-226)
Added Component: Designator=Q3(TO-226)
Added Component: Designator=Q4(TO-226)
Added Component: Designator=R1(2012[0805])
Added Component: Designator=R2(2012[0805])
Added Component: Designator=R3(2012[0805])
Added Component: Designator=R4(2012[0805])
Added Component: Designator=R5(2012[0805])
Added Component: Designator=R6(2012[0805])
Added Component: Designator=R7(2012[0805])
Added Component: Designator=R8(2012[0805])
Added Component: Designator=R9(2012[0805])
Added Component: Designator=R10(2012[0805])
Added Component: Designator=R11(2012[0805])
Added Component: Designator=R12(2012[0805])
Added Component: Designator=R13(2012[0805])
Added Component: Designator=R14(2012[0805])
Added Component: Designator=R15(2012[0805])
Added Component: Designator=R16(2012[0805])
Added Component: Designator=R17(2012[0805])
Added Component: Designator=R18(2012[0805])
Added Component: Designator=R19(2012[0805])
Added Component: Designator=R20(2012[0805])
Added Component: Designator=R21(AXIAL-0.7)
Added Component: Designator=R22(2012[0805])
Added Component: Designator=R23(2012[0805])
Added Component: Designator=R24(AXIAL-0.7)
Added Component: Designator=R25(2012[0805])
Added Component: Designator=R26(2012[0805])
Added Component: Designator=R27(2012[0805])
Added Component: Designator=R28(2012[0805])
Added Component: Designator=R29(2012[0805])
Added Component: Designator=R30(AXIAL-0.7)
Added Component: Designator=R31(2012[0805])
Added Component: Designator=R32(2012[0805])
Added Component: Designator=R33(2012[0805])
Added Component: Designator=R34(AXIAL-0.7)
Added Component: Designator=R35(2012[0805])
Added Component: Designator=Rw1(VR5)
Added Component: Designator=Rw2(VR5)
Added Component: Designator=T1(zhongzhou)
Added Component: Designator=U1(MC1496)
Added Component: Designator=U2(LM7808)
Added Component: Designator=U3(LM741)
Added Pin To Net: NetName=NetC1_1 Pin=C1-1
Added Pin To Net: NetName=NetC1_2 Pin=C1-2
Added Pin To Net: NetName=NetC2_1 Pin=C2-1
Added Pin To Net: NetName=NetC1_2 Pin=C2-2
Added Pin To Net: NetName=NetC3_1 Pin=C3-1
Added Pin To Net: NetName=NetC3_2 Pin=C3-2
Added Pin To Net: NetName=GND Pin=C4-1
Added Pin To Net: NetName=NetC2_1 Pin=C4-2
Added Pin To Net: NetName=GND Pin=C5-1
Added Pin To Net: NetName=NetC5_2 Pin=C5-2
Added Pin To Net: NetName=GND Pin=C6-1
Added Pin To Net: NetName=NetC6_2 Pin=C6-2
Added Pin To Net: NetName=GND Pin=C7-1
Added Pin To Net: NetName=-8V Pin=C7-2
Added Pin To Net: NetName=GND Pin=C8-1
Added Pin To Net: NetName=NetC8_2 Pin=C8-2
Added Pin To Net: NetName=NetC9_1 Pin=C9-1
Added Pin To Net: NetName=NetC9_2 Pin=C9-2
Added Pin To Net: NetName=NetC9_2 Pin=C10-1
Added Pin To Net: NetName=NetC10_2 Pin=C10-2
Added Pin To Net: NetName=NetC6_2 Pin=C11-1
Added Pin To Net: NetName=NetC11_2 Pin=C11-2
Added Pin To Net: NetName=NetC8_2 Pin=C12-1
Added Pin To Net: NetName=NetC12_2 Pin=C12-2
Added Pin To Net: NetName=GND Pin=C13-1
Added Pin To Net: NetName=-8V Pin=C13-2
Added Pin To Net: NetName=GND Pin=C14-1
Added Pin To Net: NetName=NetC14_2 Pin=C14-2
Added Pin To Net: NetName=NetC14_2 Pin=C15-1
Added Pin To Net: NetName=NetC15_2 Pin=C15-2
Added Pin To Net: NetName=GND Pin=C16-2
Added Pin To Net: NetName=+12V Pin=C18-1
Added Pin To Net: NetName=GND Pin=C18-2
Added Pin To Net: NetName=GND Pin=C19-1
Added Pin To Net: NetName=NetC19_2 Pin=C19-2
Added Pin To Net: NetName=GND Pin=C20-1
Added Pin To Net: NetName=NetC16_2 Pin=C20-2
Added Pin To Net: NetName=GND Pin=C22-2
Added Pin To Net: NetName=+12V Pin=C23-1
Added Pin To Net: NetName=GND Pin=C24-1
Added Pin To Net: NetName=GND Pin=C25-1
Added Pin To Net: NetName=+12V Pin=C25-2
Added Pin To Net: NetName=+12V Pin=C29-1
Added Pin To Net: NetName=+12V Pin=C31-1
Added Pin To Net: NetName=GND Pin=C32-1
Added Pin To Net: NetName=NetC16_2 Pin=L1-1
Added Pin To Net: NetName=+12V Pin=L1-2
Added Pin To Net: NetName=GND Pin=P0-1
Added Pin To Net: NetName=-8V Pin=P0-2
Added Pin To Net: NetName=NetC16_2 Pin=P0-3
Added Pin To Net: NetName=GND Pin=P1-1
Added Pin To Net: NetName=NetC15_2 Pin=P2-1
Added Pin To Net: NetName=GND Pin=P2-2
Added Pin To Net: NetName=NetC3_2 Pin=R1-1
Added Pin To Net: NetName=NetR1_2 Pin=R1-2
Added Pin To Net: NetName=NetC5_2 Pin=R2-1
Added Pin To Net: NetName=NetR2_2 Pin=R2-2
Added Pin To Net: NetName=GND Pin=R3-1
Added Pin To Net: NetName=NetC3_2 Pin=R3-2
Added Pin To Net: NetName=GND Pin=R4-1
Added Pin To Net: NetName=NetC5_2 Pin=R4-2
Added Pin To Net: NetName=NetR5_1 Pin=R5-1
Added Pin To Net: NetName=NetR5_2 Pin=R5-2
Added Pin To Net: NetName=NetC6_2 Pin=R6-1
Added Pin To Net: NetName=NetR6_2 Pin=R6-2
Added Pin To Net: NetName=GND Pin=R7-1
Added Pin To Net: NetName=NetR7_2 Pin=R7-2
Added Pin To Net: NetName=NetC8_2 Pin=R8-1
Added Pin To Net: NetName=NetR6_2 Pin=R8-2
Added Pin To Net: NetName=NetC1_2 Pin=R9-1
Added Pin To Net: NetName=NetR9_2 Pin=R9-2
Added Pin To Net: NetName=NetC2_1 Pin=R10-1
Added Pin To Net: NetName=NetC3_1 Pin=R10-2
Added Pin To Net: NetName=GND Pin=R11-1
Added Pin To Net: NetName=NetR11_2 Pin=R11-2
Added Pin To Net: NetName=+12V Pin=R12-1
Added Pin To Net: NetName=NetC9_2 Pin=R12-2
Added Pin To Net: NetName=NetC9_2 Pin=R13-1
Added Pin To Net: NetName=NetC10_2 Pin=R13-2
Added Pin To Net: NetName=NetC12_2 Pin=R14-1
Added Pin To Net: NetName=NetR14_2 Pin=R14-2
Added Pin To Net: NetName=NetC11_2 Pin=R15-1
Added Pin To Net: NetName=NetR15_2 Pin=R15-2
Added Pin To Net: NetName=GND Pin=R16-1
Added Pin To Net: NetName=NetR15_2 Pin=R16-2
Added Pin To Net: NetName=NetR14_2 Pin=R17-1
Added Pin To Net: NetName=NetR17_2 Pin=R17-2
Added Pin To Net: NetName=NetC14_2 Pin=R18-1
Added Pin To Net: NetName=NetR17_2 Pin=R18-2
Added Pin To Net: NetName=GND Pin=R20-1
Added Pin To Net: NetName=+12V Pin=R21-1
Added Pin To Net: NetName=GND Pin=R23-1
Added Pin To Net: NetName=+12V Pin=R24-1
Added Pin To Net: NetName=+12V Pin=R25-2
Added Pin To Net: NetName=GND Pin=R26-1
Added Pin To Net: NetName=GND Pin=R27-1
Added Pin To Net: NetName=GND Pin=R29-1
Added Pin To Net: NetName=+12V Pin=R30-1
Added Pin To Net: NetName=GND Pin=R31-1
Added Pin To Net: NetName=GND Pin=R33-1
Added Pin To Net: NetName=+12V Pin=R34-1
Added Pin To Net: NetName=GND Pin=R35-1
Added Pin To Net: NetName=NetC9_1 Pin=Rw1-1
Added Pin To Net: NetName=NetR9_2 Pin=Rw1-2
Added Pin To Net: NetName=NetC9_2 Pin=Rw1-3
Added Pin To Net: NetName=NetR2_2 Pin=Rw2-1
Added Pin To Net: NetName=NetR1_2 Pin=Rw2-2
Added Pin To Net: NetName=-8V Pin=Rw2-3
Added Pin To Net: NetName=NetC2_1 Pin=T1-1
Added Pin To Net: NetName=GND Pin=T1-3
Added Pin To Net: NetName=GND Pin=T1-4
Added Pin To Net: NetName=NetR11_2 Pin=T1-5
Added Pin To Net: NetName=GND Pin=T1-6
Added Pin To Net: NetName=GND Pin=T1-7
Added Pin To Net: NetName=NetC3_2 Pin=U1-1
Added Pin To Net: NetName=NetR5_2 Pin=U1-2
Added Pin To Net: NetName=NetR5_1 Pin=U1-3
Added Pin To Net: NetName=NetC5_2 Pin=U1-4
Added Pin To Net: NetName=NetR7_2 Pin=U1-5
Added Pin To Net: NetName=NetC6_2 Pin=U1-6
Added Pin To Net: NetName=NetC9_1 Pin=U1-8
Added Pin To Net: NetName=NetR9_2 Pin=U1-10
Added Pin To Net: NetName=NetC8_2 Pin=U1-12
Added Pin To Net: NetName=-8V Pin=U1-14
Added Pin To Net: NetName=NetR6_2 Pin=U2-1
Added Pin To Net: NetName=GND Pin=U2-2
Added Pin To Net: NetName=NetC19_2 Pin=U2-3
Added Pin To Net: NetName=NetR14_2 Pin=U3-2
Added Pin To Net: NetName=NetR15_2 Pin=U3-3
Added Pin To Net: NetName=-8V Pin=U3-4
Added Pin To Net: NetName=NetR17_2 Pin=U3-6
Added Pin To Net: NetName=NetC19_2 Pin=U3-7
Change Net Name : Old Net Name=NetC1_1 New Net Name=ZHONGFANG
Change Net Name : Old Net Name=NetC16_2 New Net Name=NetC20_2
Added Pin To Net: NetName=NetC16_1 Pin=C16-1
Added Pin To Net: NetName=NetC16_1 Pin=Q1-2
Added Pin To Net: NetName=NetC16_1 Pin=R19-1
Added Pin To Net: NetName=NetC16_1 Pin=R20-2
Added Net: Name=NetC16_1
Added Pin To Net: NetName=NetC17_1 Pin=C17-1
Added Pin To Net: NetName=NetC17_1 Pin=P1-2
Added Net: Name=NetC17_1
Added Pin To Net: NetName=NetC17_2 Pin=C17-2
Added Pin To Net: NetName=NetC17_2 Pin=Q2-2
Added Pin To Net: NetName=NetC17_2 Pin=R22-1
Added Pin To Net: NetName=NetC17_2 Pin=R23-2
Added Net: Name=NetC17_2
Added Pin To Net: NetName=NetC21_1 Pin=C21-1
Added Pin To Net: NetName=NetC21_1 Pin=C26-2
Added Pin To Net: NetName=NetC21_1 Pin=Q1-1
Added Pin To Net: NetName=NetC21_1 Pin=R25-1
Added Net: Name=NetC21_1
Added Pin To Net: NetName=NetC21_2 Pin=C21-2
Added Pin To Net: NetName=NetC21_2 Pin=C22-1
Added Net: Name=NetC21_2
Added Pin To Net: NetName=NetC23_2 Pin=C23-2
Added Net: Name=NetC23_2
Added Pin To Net: NetName=NetC24_2 Pin=C24-2
Added Pin To Net: NetName=NetC24_2 Pin=Q2-3
Added Pin To Net: NetName=NetC24_2 Pin=R27-2
Added Net: Name=NetC24_2
Added Pin To Net: NetName=NetC26_1 Pin=C26-1
Added Net: Name=NetC26_1
Added Pin To Net: NetName=NetC27_1 Pin=C27-1
Added Net: Name=NetC27_1
Added Pin To Net: NetName=NetC27_2 Pin=C27-2
Added Pin To Net: NetName=NetC27_2 Pin=Q3-2
Added Pin To Net: NetName=NetC27_2 Pin=R28-1
Added Pin To Net: NetName=NetC27_2 Pin=R29-2
Added Net: Name=NetC27_2
Added Pin To Net: NetName=NetC28_1 Pin=C28-1
Added Pin To Net: NetName=NetC28_1 Pin=Q3-3
Added Pin To Net: NetName=NetC28_1 Pin=R31-2
Added Net: Name=NetC28_1
Added Pin To Net: NetName=NetC28_2 Pin=C28-2
Added Net: Name=NetC28_2
Added Pin To Net: NetName=NetC29_2 Pin=C29-2
Added Net: Name=NetC29_2
Added Pin To Net: NetName=NetC30_1 Pin=C30-1
Added Net: Name=NetC30_1
Added Pin To Net: NetName=NetC30_2 Pin=C30-2
Added Pin To Net: NetName=NetC30_2 Pin=Q4-2
Added Pin To Net: NetName=NetC30_2 Pin=R32-1
Added Pin To Net: NetName=NetC30_2 Pin=R33-2
Added Net: Name=NetC30_2
Added Pin To Net: NetName=NetC31_2 Pin=C31-2
Added Net: Name=NetC31_2
Added Pin To Net: NetName=NetC32_2 Pin=C32-2
Added Pin To Net: NetName=NetC32_2 Pin=Q4-3
Added Pin To Net: NetName=NetC32_2 Pin=R35-2
Added Net: Name=NetC32_2
Added Pin To Net: NetName=NetQ1_3 Pin=Q1-3
Added Pin To Net: NetName=NetQ1_3 Pin=R26-2
Added Net: Name=NetQ1_3
Added Pin To Net: NetName=NetQ2_1 Pin=Q2-1
Added Net: Name=NetQ2_1
Added Pin To Net: NetName=NetQ3_1 Pin=Q3-1
Added Net: Name=NetQ3_1
Added Pin To Net: NetName=NetQ4_1 Pin=Q4-1
Added Net: Name=NetQ4_1
Added Pin To Net: NetName=NetR19_2 Pin=R19-2
Added Pin To Net: NetName=NetR19_2 Pin=R21-2
Added Net: Name=NetR19_2
Added Pin To Net: NetName=NetR22_2 Pin=R22-2
Added Pin To Net: NetName=NetR22_2 Pin=R24-2
Added Net: Name=NetR22_2
Added Pin To Net: NetName=NetR28_2 Pin=R28-2
Added Pin To Net: NetName=NetR28_2 Pin=R30-2
Added Net: Name=NetR28_2
Added Pin To Net: NetName=NetR32_2 Pin=R32-2
Added Pin To Net: NetName=NetR32_2 Pin=R34-2
Added Net: Name=NetR32_2
Added Class: Name=Sheet2
Added Member To Class: ClassName=Sheet1 Member=Component C1 Cap
Added Member To Class: ClassName=Sheet1 Member=Component C2 Cap
Added Member To Class: ClassName=Sheet1 Member=Component C3 Cap
Added Member To Class: ClassName=Sheet1 Member=Component C4 Cap
Added Member To Class: ClassName=Sheet1 Member=Component C5 Cap
Added Member To Class: ClassName=Sheet1 Member=Component C6 Cap
Added Member To Class: ClassName=Sheet1 Member=Component C7 Cap
Added Member To Class: ClassName=Sheet1 Member=Component C8 Cap
Added Member To Class: ClassName=Sheet1 Member=Component C9 Cap
Added Member To Class: ClassName=Sheet1 Member=Component C10 Cap
Added Member To Class: ClassName=Sheet1 Member=Component C11 Cap Pol1
Added Member To Class: ClassName=Sheet1 Member=Component C12 Cap Pol1
Added Member To Class: ClassName=Sheet1 Member=Component C13 Cap
Added Member To Class: ClassName=Sheet1 Member=Component C14 Cap
Added Member To Class: ClassName=Sheet1 Member=Component C15 Cap Pol1
Added Member To Class: ClassName=Sheet1 Member=Component C18 Cap Pol1
Added Member To Class: ClassName=Sheet1 Member=Component C19 Cap
Added Member To Class: ClassName=Sheet1 Member=Component P2 Header 2
Added Member To Class: ClassName=Sheet1 Member=Component R1 Res1
Added Member To Class: ClassName=Sheet1 Member=Component R2 Res1
Added Member To Class: ClassName=Sheet1 Member=Component R3 Res1
Added Member To Class: ClassName=Sheet1 Member=Component R4 Res1
Added Member To Class: ClassName=Sheet1 Member=Component R5 Res1
Added Member To Class: ClassName=Sheet1 Member=Component R6 Res1
Added Member To Class: ClassName=Sheet1 Member=Component R7 Res1
Added Member To Class: ClassName=Sheet1 Member=Component R8 Res1
Added Member To Class: ClassName=Sheet1 Member=Component R9 Res1
Added Member To Class: ClassName=Sheet1 Member=Component R10 Res1
Added Member To Class: ClassName=Sheet1 Member=Component R11 Res1
Added Member To Class: ClassName=Sheet1 Member=Component R12 Res1
Added Member To Class: ClassName=Sheet1 Member=Component R13 Res1
Added Member To Class: ClassName=Sheet1 Member=Component R14 Res1
Added Member To Class: ClassName=Sheet1 Member=Component R15 Res1
Added Member To Class: ClassName=Sheet1 Member=Component R16 Res1
Added Member To Class: ClassName=Sheet1 Member=Component R17 Res1
Added Member To Class: ClassName=Sheet1 Member=Component R18 Res1
Added Member To Class: ClassName=Sheet1 Member=Component Rw1 RPot
Added Member To Class: ClassName=Sheet1 Member=Component Rw2 RPot
Added Member To Class: ClassName=Sheet1 Member=Component T1 zhongzhou
Added Member To Class: ClassName=Sheet1 Member=Component U1 MC1496
Added Member To Class: ClassName=Sheet1 Member=Component U2 LM7808
Added Member To Class: ClassName=Sheet1 Member=Component U3 LM741
Added Room: Name=Sheet2
