Added Component: Designator=T1(zhongzhou)
Added Component: Designator=U1(MC1496)
Added Component: Designator=U2(LM7808)
Added Component: Designator=U3(LM741)
Added Pin To Net: NetName=NetC2_1 Pin=T1-1
Added Pin To Net: NetName=GND Pin=T1-3
Added Pin To Net: NetName=GND Pin=T1-4
Added Pin To Net: NetName=NetR11_2 Pin=T1-5
Added Pin To Net: NetName=GND Pin=T1-6
Added Pin To Net: NetName=GND Pin=T1-7
Added Pin To Net: NetName=NetC3_2 Pin=U1-1
Added Pin To Net: NetName=NetR5_2 Pin=U1-2
Added Pin To Net: NetName=NetR5_1 Pin=U1-3
Added Pin To Net: NetName=NetC5_2 Pin=U1-4
Added Pin To Net: NetName=NetR7_2 Pin=U1-5
Added Pin To Net: NetName=NetC6_2 Pin=U1-6
Added Pin To Net: NetName=NetC9_1 Pin=U1-8
Added Pin To Net: NetName=NetR9_2 Pin=U1-10
Added Pin To Net: NetName=NetC8_2 Pin=U1-12
Added Pin To Net: NetName=-8V Pin=U1-14
Added Pin To Net: NetName=NetR6_2 Pin=U2-1
Added Pin To Net: NetName=GND Pin=U2-2
Added Pin To Net: NetName=NetC19_2 Pin=U2-3
Added Pin To Net: NetName=NetR14_2 Pin=U3-2
Added Pin To Net: NetName=NetR15_2 Pin=U3-3
Added Pin To Net: NetName=-8V Pin=U3-4
Added Pin To Net: NetName=NetR17_2 Pin=U3-6
Added Pin To Net: NetName=NetC19_2 Pin=U3-7
Added Member To Class: ClassName=Sheet1 Member=Component T1 zhongzhou
Added Member To Class: ClassName=Sheet1 Member=Component U1 MC1496
Added Member To Class: ClassName=Sheet1 Member=Component U2 LM7808
Added Member To Class: ClassName=Sheet1 Member=Component U3 LM741
Added Room: Name=Sheet1
