Removed Pin From Net: NetName=NetC1_1 Pin=P3-2
Removed Member From Class: ClassName=Sheet2 Member=C16
Removed Member From Class: ClassName=Sheet2 Member=C17
Removed Member From Class: ClassName=Sheet2 Member=C21
Removed Member From Class: ClassName=Sheet2 Member=C22
Removed Member From Class: ClassName=Sheet2 Member=C23
Removed Member From Class: ClassName=Sheet2 Member=C24
Removed Member From Class: ClassName=Sheet2 Member=C26
Removed Member From Class: ClassName=Sheet2 Member=C27
Removed Member From Class: ClassName=Sheet2 Member=C28
Removed Member From Class: ClassName=Sheet2 Member=C29
Removed Member From Class: ClassName=Sheet2 Member=C30
Removed Member From Class: ClassName=Sheet2 Member=C31
Removed Member From Class: ClassName=Sheet2 Member=C32
Removed Member From Class: ClassName=Sheet2 Member=P1
Removed Member From Class: ClassName=Sheet1 Member=P3
Removed Member From Class: ClassName=Sheet2 Member=Q1
Removed Member From Class: ClassName=Sheet2 Member=Q2
Removed Member From Class: ClassName=Sheet2 Member=Q3
Removed Member From Class: ClassName=Sheet2 Member=Q4
Removed Member From Class: ClassName=Sheet2 Member=R19
Removed Member From Class: ClassName=Sheet2 Member=R20
Removed Member From Class: ClassName=Sheet2 Member=R21
Removed Member From Class: ClassName=Sheet2 Member=R22
Removed Member From Class: ClassName=Sheet2 Member=R23
Removed Member From Class: ClassName=Sheet2 Member=R24
Removed Member From Class: ClassName=Sheet2 Member=R25
Removed Member From Class: ClassName=Sheet2 Member=R26
Removed Member From Class: ClassName=Sheet2 Member=R27
Removed Member From Class: ClassName=Sheet2 Member=R28
Removed Member From Class: ClassName=Sheet2 Member=R29
Removed Member From Class: ClassName=Sheet2 Member=R30
Removed Member From Class: ClassName=Sheet2 Member=R31
Removed Member From Class: ClassName=Sheet2 Member=R32
Removed Member From Class: ClassName=Sheet2 Member=R33
Removed Member From Class: ClassName=Sheet2 Member=R34
Removed Member From Class: ClassName=Sheet2 Member=R35
Added Member To Class: ClassName=Sheet1 Member=Component C16 Cap
Added Member To Class: ClassName=Sheet1 Member=Component C17 Cap
Added Member To Class: ClassName=Sheet1 Member=Component C21 Cap
Added Member To Class: ClassName=Sheet1 Member=Component C22 Cap
Added Member To Class: ClassName=Sheet1 Member=Component C23 Cap
Added Member To Class: ClassName=Sheet1 Member=Component C24 Cap
Added Member To Class: ClassName=Sheet1 Member=Component C26 Cap
Added Member To Class: ClassName=Sheet1 Member=Component C27 Cap
Added Member To Class: ClassName=Sheet1 Member=Component C28 Cap
Added Member To Class: ClassName=Sheet1 Member=Component C29 Cap
Added Member To Class: ClassName=Sheet1 Member=Component C30 Cap
Added Member To Class: ClassName=Sheet1 Member=Component C31 Cap
Added Member To Class: ClassName=Sheet1 Member=Component C32 Cap
Added Member To Class: ClassName=Sheet1 Member=Component P1 Header 2
Added Member To Class: ClassName=Sheet1 Member=Component Q1 NPN
Added Member To Class: ClassName=Sheet1 Member=Component Q2 NPN
Added Member To Class: ClassName=Sheet1 Member=Component Q3 NPN
Added Member To Class: ClassName=Sheet1 Member=Component Q4 NPN
Added Member To Class: ClassName=Sheet1 Member=Component R19 Res1
Added Member To Class: ClassName=Sheet1 Member=Component R20 Res1
Added Member To Class: ClassName=Sheet1 Member=Component R21 Res Adj1
Added Member To Class: ClassName=Sheet1 Member=Component R22 Res1
Added Member To Class: ClassName=Sheet1 Member=Component R23 Res1
Added Member To Class: ClassName=Sheet1 Member=Component R24 Res Adj1
Added Member To Class: ClassName=Sheet1 Member=Component R25 Res1
Added Member To Class: ClassName=Sheet1 Member=Component R26 Res1
Added Member To Class: ClassName=Sheet1 Member=Component R27 Res1
Added Member To Class: ClassName=Sheet1 Member=Component R28 Res1
Added Member To Class: ClassName=Sheet1 Member=Component R29 Res1
Added Member To Class: ClassName=Sheet1 Member=Component R30 Res Adj1
Added Member To Class: ClassName=Sheet1 Member=Component R31 Res1
Added Member To Class: ClassName=Sheet1 Member=Component R32 Res1
Added Member To Class: ClassName=Sheet1 Member=Component R33 Res1
Added Member To Class: ClassName=Sheet1 Member=Component R34 Res Adj1
Added Member To Class: ClassName=Sheet1 Member=Component R35 Res1
