Removed Member From Class: ClassName=Sheet1 Member=C18
Removed Member From Class: ClassName=Sheet1 Member=C18
Removed Member From Class: ClassName=Sheet1 Member=C18
Removed Member From Class: ClassName=Sheet1 Member=C19
Removed Member From Class: ClassName=Sheet1 Member=C19
Removed Member From Class: ClassName=Sheet1 Member=C19
Change Component Designator: OldDesignator=C1 NewDesignator=C2
Change Component Designator: OldDesignator=C2 NewDesignator=C4
Change Component Designator: OldDesignator=C3 NewDesignator=C5
Change Component Designator: OldDesignator=C4 NewDesignator=C1
Change Component Designator: OldDesignator=C5 NewDesignator=C6
Change Component Designator: OldDesignator=C6 NewDesignator=C10
Change Component Designator: OldDesignator=C7 NewDesignator=C8
Change Component Designator: OldDesignator=C8 NewDesignator=C11
Change Component Designator: OldDesignator=C9 NewDesignator=C7
Change Component Designator: OldDesignator=C10 NewDesignator=C9
Change Component Designator: OldDesignator=C11 NewDesignator=C13
Change Component Designator: OldDesignator=C13 NewDesignator=C15
Change Component Designator: OldDesignator=C14 NewDesignator=C16
Change Component Designator: OldDesignator=C15 NewDesignator=C17
Change Component Designator: OldDesignator=C18 NewDesignator=C3
Change Component Designator: OldDesignator=C19 NewDesignator=C14
Change Component Designator: OldDesignator=R1 NewDesignator=R5
Change Component Designator: OldDesignator=R2 NewDesignator=R6
Change Component Designator: OldDesignator=R3 NewDesignator=R4
Change Component Designator: OldDesignator=R4 NewDesignator=R7
Change Component Designator: OldDesignator=R5 NewDesignator=R10
Change Component Designator: OldDesignator=R6 NewDesignator=R12
Change Component Designator: OldDesignator=R7 NewDesignator=R9
Change Component Designator: OldDesignator=R8 NewDesignator=R13
Change Component Designator: OldDesignator=R9 NewDesignator=R1
Change Component Designator: OldDesignator=R10 NewDesignator=R2
Change Component Designator: OldDesignator=R11 NewDesignator=R3
Change Component Designator: OldDesignator=R12 NewDesignator=R8
Change Component Designator: OldDesignator=R13 NewDesignator=R11
Change Component Designator: OldDesignator=Rw1 NewDesignator=Rw2
Change Component Designator: OldDesignator=Rw2 NewDesignator=Rw1
Added Component: Designator=C20(RAD-0.3)
Added Component: Designator=C25(RAD-0.3)
Added Component: Designator=L1(0402-A)
Added Component: Designator=P0(HDR1X3)
Added Component: Designator=P1(HDR1X2)
Added Pin To Net: NetName=GND Pin=C20-1
Added Pin To Net: NetName=GND Pin=C25-1
Added Pin To Net: NetName=+12V Pin=C25-2
Added Pin To Net: NetName=+12V Pin=L1-2
Added Pin To Net: NetName=GND Pin=P0-1
Added Pin To Net: NetName=-8V Pin=P0-2
Added Pin To Net: NetName=GND Pin=P1-1
Change Net Name : Old Net Name=NetC1_2 New Net Name=NetC2_2
Change Net Name : Old Net Name=NetC2_1 New Net Name=NetC1_2
Change Net Name : Old Net Name=NetC3_1 New Net Name=NetC5_1
Change Net Name : Old Net Name=NetC3_2 New Net Name=NetC5_2
Change Net Name : Old Net Name=NetC5_2 New Net Name=NetC6_2
Change Net Name : Old Net Name=NetC6_2 New Net Name=NetC10_2
Change Net Name : Old Net Name=NetC8_2 New Net Name=NetC11_2
Change Net Name : Old Net Name=NetC9_1 New Net Name=NetC7_1
Change Net Name : Old Net Name=NetC9_2 New Net Name=NetC7_2
Change Net Name : Old Net Name=NetC10_2 New Net Name=NetC9_2
Change Net Name : Old Net Name=NetC11_2 New Net Name=NetC13_2
Change Net Name : Old Net Name=NetC14_2 New Net Name=NetC16_2
Change Net Name : Old Net Name=NetC15_2 New Net Name=NetC17_2
Change Net Name : Old Net Name=NetC19_2 New Net Name=NetC14_2
Change Net Name : Old Net Name=NetR1_2 New Net Name=NetR5_2
Change Net Name : Old Net Name=NetR2_2 New Net Name=NetR6_2
Change Net Name : Old Net Name=NetR5_1 New Net Name=NetR10_1
Change Net Name : Old Net Name=NetR5_2 New Net Name=NetR10_2
Change Net Name : Old Net Name=NetR6_2 New Net Name=NetR12_2
Change Net Name : Old Net Name=NetR7_2 New Net Name=NetR9_2
Change Net Name : Old Net Name=NetR9_2 New Net Name=NetR1_2
Change Net Name : Old Net Name=NetR11_2 New Net Name=NetR3_2
Added Pin To Net: NetName=NetC2_1 Pin=C2-1
Added Pin To Net: NetName=NetC2_1 Pin=P1-2
Added Net: Name=NetC2_1
Added Pin To Net: NetName=NetC20_2 Pin=C20-2
Added Pin To Net: NetName=NetC20_2 Pin=L1-1
Added Pin To Net: NetName=NetC20_2 Pin=P0-3
Added Net: Name=NetC20_2
Added Class: Name=Sheet2
Added Member To Class: ClassName=Sheet1 Member=Component C16 Cap
Added Member To Class: ClassName=Sheet1 Member=Component C17 Cap Pol1
Added Member To Class: ClassName=Sheet1 Member=Component P1 Header 2
Added Room: Name=Sheet2
